@INSTANCE@
@PID_DIRECTORY@
@UDM_NAME@
@SBI_IF_NAME@
@SBI_PORT@
@UDM_VERSION_NB@
@SBI_HTTP2_PORT@
@USE_FQDN_DNS@
@USE_HTTP2@
@UDR_IP_ADDRESS@
@UDR_PORT@
@UDR_VERSION_NB@
@UDR_FQDN@
[2022-01-05T09:50:22.860895] [udm] [udm_server] [start] Options parsed
[2022-01-05T09:50:22.862202] [udm] [configurations] [info ] ==== OAI-CN5G UDM vBranch: HEAD Abrev. Hash: 18b47de Date: Mon Jan 3 21:05:57 2022 +0000 ====
[2022-01-05T09:50:22.862211] [udm] [configurations] [info ] ============== UDM =============
[2022-01-05T09:50:22.862214] [udm] [configurations] [info ] Configuration UDM:
[2022-01-05T09:50:22.862216] [udm] [configurations] [info ] - Instance................: 0
[2022-01-05T09:50:22.862218] [udm] [configurations] [info ] - PID Dir.................: /var/run
[2022-01-05T09:50:22.862220] [udm] [configurations] [info ] - UDM name................: OAI_UDM
[2022-01-05T09:50:22.862222] [udm] [configurations] [info ] - SBI:
[2022-01-05T09:50:22.862224] [udm] [configurations] [info ]     Iface name............: eth0
[2022-01-05T09:50:22.862227] [udm] [configurations] [info ]     IPv4 Addr.............: 192.168.70.137
[2022-01-05T09:50:22.862229] [udm] [configurations] [info ]     HTTP1 Port ...........: 80
[2022-01-05T09:50:22.862231] [udm] [configurations] [info ]     HTTP2 Port............: 8080
[2022-01-05T09:50:22.862233] [udm] [configurations] [info ]     Api Version...........: v1
[2022-01-05T09:50:22.862235] [udm] [configurations] [info ] - Supported Features:
[2022-01-05T09:50:22.862237] [udm] [configurations] [info ]     Use FQDN ..............: Yes
[2022-01-05T09:50:22.862239] [udm] [configurations] [info ]     Use HTTP2..............: No
[2022-01-05T09:50:22.862241] [udm] [configurations] [info ] - UDR:
[2022-01-05T09:50:22.862243] [udm] [configurations] [info ]     IPv4 Addr.............: 192.168.70.136
[2022-01-05T09:50:22.862245] [udm] [configurations] [info ]     Port..................: 80  
[2022-01-05T09:50:22.862247] [udm] [configurations] [info ]     API version...........: v1
[2022-01-05T09:50:22.862250] [udm] [configurations] [info ]     FQDN..................: oai-udr
[2022-01-05T09:50:22.862255] [udm] [udm_app] [start] Starting...
[2022-01-05T09:50:22.862258] [udm] [udm_app] [start] Started
[2022-01-05T09:50:22.863514] [udm] [udm_server] [info ] HTTP1 server started
[2022-01-05T09:50:22.863694] [udm] [udm_server] [info ] HTTP2 server started
[2022-01-05T09:52:36.414471] [udm] [udm_ueau] [info ] Handle generate_auth_data()
[2022-01-05T09:52:36.414543] [udm] [udm_ueau] [info ] Handle Generate Auth Data Request
[2022-01-05T09:52:36.414642] [udm] [udm_ueau] [info ] Send HTTP message with body 
[2022-01-05T09:52:36.422604] [udm] [udm_ueau] [info ] Get response with httpcode (200)
[2022-01-05T09:52:36.423212] [udm] [udm_ueau] [info ] Result For F1-Alg Key
c a 34 60 1d 4f 7 67 73 3 65 2c 4 62 53 5b 
[2022-01-05T09:52:36.423267] [udm] [udm_ueau] [info ] Result For F1-Alg OPC
63 bf a5 e e6 52 33 65 ff 14 c1 f4 5f 88 73 7d 
[2022-01-05T09:52:36.423330] [udm] [udm_ueau] [info ] Result For F1-Alg AMF
80 0 
[2022-01-05T09:52:36.423373] [udm] [udm_ueau] [info ] Result For F1-Alg SQN: 
0 0 0 0 0 20 
81 72 b3 e3 c3 8b 14 59 e1 4f 9e 15 72 75 87 8 
48 9c d4 a0 8b e1 5a f1 b5 25 78 2a 2e 65 8d 22 
81 72 b3 e3 c3 8b 14 59 e1 4f 9e 15 72 75 87 8 
d4 37 b0 5a 32 1b 9a e9 29 8e 1c d0 97 9f 4d 3b 
23 5e a9 ee 47 c2 7e 9b e0 fe 7b 4d dc 5f d7 63 
56 87 4d 9c 8e b2 19 6 ab 3e e1 16 2b 36 ce d1 
[2022-01-05T09:52:36.427458] [udm] [udm_ueau] [info ] XRES*(new)
22 e0 28 a4 f6 f8 17 ff d5 54 bb a5 db 5 5d 7f 66 15 31 56 f4 19 98 fa 24 ce d0 b2 d6 2a ca e0 
[2022-01-05T09:52:36.427555] [udm] [udm_ueau] [info ] derive_kausf key
ad 48 ea 3e f5 90 a4 c9 a2 38 e 1e 1 44 90 d2 ca e 24 f7 67 c7 d3 23 d7 d8 5b d9 8e 14 61 29 
[2022-01-05T09:52:36.427614] [udm] [udm_ueau] [info ] derive_kausf kausf
ff 66 d8 f7 1e 69 ce 65 c9 e7 7d 70 5e 31 67 ea 5c 16 b6 e4 b5 45 53 34 a1 23 b9 ac 75 64 e8 5c 
[2022-01-05T09:52:36.428189] [udm] [udm_ueau] [info ] new_sqn = 000000000040
[2022-01-05T09:52:36.428668] [udm] [udm_ueau] [info ] Update UDR with PATCH message, body:  [{"from":"","op":"replace","path":"","value":"{\"lastIndexes\":{\"ausf\":0},\"sqn\":\"000000000040\",\"sqnScheme\":\"NON_TIME_BASED\"}"}]
[2022-01-05T09:52:36.428730] [udm] [udm_ueau] [info ] Send HTTP message with body [{"from":"","op":"replace","path":"","value":"{\"lastIndexes\":{\"ausf\":0},\"sqn\":\"000000000040\",\"sqnScheme\":\"NON_TIME_BASED\"}"}]
[2022-01-05T09:52:36.598020] [udm] [udm_ueau] [info ] Get response with httpcode (204)
[2022-01-05T09:52:36.598079] [udm] [udm_ueau] [info ] Send 200 Ok response to AUSF
[2022-01-05T09:52:36.598140] [udm] [udm_ueau] [info ] AuthInfoResult {"authType":"5G_AKA","authenticationVector":{"autn":"f793ab799f008000ed667575114ff870","avType":"5G_HE_AKA","kausf":"ff66d8f71e69ce65c9e77d705e3167ea5c16b6e4b5455334a123b9ac7564e85c","rand":"eec7228d3896205b6d583acd299fa72e","xresStar":"66153156f41998fa24ced0b2d62acae0"}}
[2022-01-05T09:52:36.598367] [udm] [udm_ueau] [info ] Send response to AUSF
[2022-01-05T09:52:36.598520] [udm] [udm_ueau] [info ] Update sqn in Database
[2022-01-05T09:52:36.603438] [udm] [udm_ueau] [info ] Handle confirm_auth()
[2022-01-05T09:52:36.603478] [udm] [udm_ueau] [info ] Send HTTP message with body 
[2022-01-05T09:52:36.604499] [udm] [udm_ueau] [info ] Get response with httpcode (200)
[2022-01-05T09:52:36.604683] [udm] [udm_ueau] [info ] Send HTTP message with body {"authRemovalInd":false,"authType":"5G_AKA","nfInstanceId":"400346f4-087e-40b1-a4cd-00566953999d","servingNetworkName":"5G:mnc095.mcc208.3gppnetwork.org","success":true,"timeStamp":"2022-01-05T08:52:36Z"}
[2022-01-05T09:52:36.670592] [udm] [udm_ueau] [info ] Get response with httpcode (204)
[2022-01-05T09:52:36.670689] [udm] [udm_ueau] [info ] Send 201 Created response to AUSF
[2022-01-05T09:52:36.670821] [udm] [udm_ueau] [info ] Send response to AUSF
[2022-01-05T09:52:40.702157] [udm] [udm_ueau] [info ] Send HTTP message with body 
[2022-01-05T09:52:40.709476] [udm] [udm_ueau] [info ] Get response with httpcode (200)
