@INSTANCE_ID@
@PID_DIR@
@AUSF_NAME@
@SBI_IF_NAME@
@SBI_PORT@
@SBI_API_VERSION@
@SBI_HTTP2_PORT@
@USE_FQDN_DNS@
@USE_HTTP2@
@REGISTER_NRF@
@UDM_IP_ADDRESS@
@UDM_PORT@
@UDM_VERSION_NB@
@UDM_FQDN@
@NRF_IPV4_ADDRESS@
@NRF_PORT@
@NRF_API_VERSION@
@NRF_FQDN@
[2023-01-18T13:48:50.360939] [ausf] [ausf_server] [start] Options parsed
[2023-01-18T13:48:50.386156] [ausf] [configurations] [info ] ==== OAI-CN5G AUSF vBranch: HEAD Abrev. Hash: 5b024f4 Date: Mon Dec 19 08:25:00 2022 +0000 ====
[2023-01-18T13:48:50.386177] [ausf] [configurations] [info ] ================= AUSF =================
[2023-01-18T13:48:50.386179] [ausf] [configurations] [info ] Configuration AUSF:
[2023-01-18T13:48:50.386181] [ausf] [configurations] [info ] - Instance ...............: 0
[2023-01-18T13:48:50.386182] [ausf] [configurations] [info ] - PID Dir ................: /var/run
[2023-01-18T13:48:50.386183] [ausf] [configurations] [info ] - AUSF Name ..............: OAI_AUSF
[2023-01-18T13:48:50.386184] [ausf] [configurations] [info ] - SBI Networking:
[2023-01-18T13:48:50.386185] [ausf] [configurations] [info ]     Iface ................: eth0
[2023-01-18T13:48:50.386188] [ausf] [configurations] [info ]     IPv4 Addr ............: 192.168.70.138
[2023-01-18T13:48:50.386189] [ausf] [configurations] [info ]     HTTP1 Port ...........: 80
[2023-01-18T13:48:50.386190] [ausf] [configurations] [info ]     HTTP2 Port............: 8080
[2023-01-18T13:48:50.386191] [ausf] [configurations] [info ]     API Version...........: v1
[2023-01-18T13:48:50.386192] [ausf] [configurations] [info ] - Supported Features:
[2023-01-18T13:48:50.386193] [ausf] [configurations] [info ]     Register NRF ..........: Yes
[2023-01-18T13:48:50.386194] [ausf] [configurations] [info ]     Use FQDN ..............: Yes
[2023-01-18T13:48:50.386195] [ausf] [configurations] [info ]     Use HTTP2..............: No
[2023-01-18T13:48:50.386196] [ausf] [configurations] [info ] - UDM:
[2023-01-18T13:48:50.386198] [ausf] [configurations] [info ]     IPv4 Addr ............: 192.168.70.137
[2023-01-18T13:48:50.386199] [ausf] [configurations] [info ]     Port .................: 80  
[2023-01-18T13:48:50.386200] [ausf] [configurations] [info ]     API version ..........: v1
[2023-01-18T13:48:50.386201] [ausf] [configurations] [info ] - NRF:
[2023-01-18T13:48:50.386202] [ausf] [configurations] [info ]     IPv4 Addr ............: 192.168.70.130
[2023-01-18T13:48:50.386204] [ausf] [configurations] [info ]     Port .................: 80  
[2023-01-18T13:48:50.386206] [ausf] [configurations] [info ]     API version ..........: v1
[2023-01-18T13:48:50.386207] [ausf] [configurations] [info ]     FQDN .................: oai-nrf
[2023-01-18T13:48:50.386209] [ausf] [ausf_app] [start] Starting...
[2023-01-18T13:48:50.386259] [ausf] [ausf_nrf] [info ] Sending NF registeration request
[2023-01-18T13:48:50.386271] [ausf] [ausf_app] [info ] Send HTTP message with body {"ausfInfo":{"groupId":"oai-ausf-testgroupid","routingIndicators":["0210","9876"],"supiRanges":[{"end":"","pattern":"209238210938","start":"q0930j0c80283ncjf"}]},"capacity":100,"fqdn":"","heartBeatTimer":50,"ipv4Addresses":["192.168.70.138"],"nfInstanceId":"25bd7cda-963e-44aa-be23-e5cae953d12d","nfInstanceName":"OAI-AUSF","nfStatus":"REGISTERED","nfType":"AUSF","priority":1,"sNssais":[]}
[2023-01-18T13:48:50.387575] [ausf] [ausf_app] [info ] Get response with HTTP code (201)
[2023-01-18T13:48:50.387708] [ausf] [ausf_app] [info ] NRF TASK Created 
[2023-01-18T13:48:50.387713] [ausf] [ausf_app] [start] Started
[2023-01-18T13:48:50.388471] [ausf] [ausf_server] [info ] HTTP1 server started
[2023-01-18T13:48:50.388514] [ausf] [ausf_server] [info ] HTTP2 server started
[2023-01-18T13:49:00.395009] [ausf] [ausf_nrf] [info ] Sending NF heartbeat request
[2023-01-18T13:49:00.395048] [ausf] [ausf_app] [info ] Send HTTP message with body [{"op":"replace","path":"/nfStatus","value":"REGISTERED"}]
[2023-01-18T13:49:00.445707] [ausf] [ausf_app] [info ] Get response with HTTP code (204)
[2023-01-18T13:49:10.444009] [ausf] [ausf_nrf] [info ] Sending NF heartbeat request
[2023-01-18T13:49:10.444063] [ausf] [ausf_app] [info ] Send HTTP message with body [{"op":"replace","path":"/nfStatus","value":"REGISTERED"}]
[2023-01-18T13:49:10.444725] [ausf] [ausf_app] [info ] Get response with HTTP code (204)
[2023-01-18T13:49:20.497988] [ausf] [ausf_nrf] [info ] Sending NF heartbeat request
[2023-01-18T13:49:20.498016] [ausf] [ausf_app] [info ] Send HTTP message with body [{"op":"replace","path":"/nfStatus","value":"REGISTERED"}]
[2023-01-18T13:49:20.498488] [ausf] [ausf_app] [info ] Get response with HTTP code (204)
[2023-01-18T13:49:28.713325] [ausf] [ausf_server] [info ] Received ue_authentications_post Request
[2023-01-18T13:49:28.713537] [ausf] [ausf_app] [info ] Handle UE Authentication Request
[2023-01-18T13:49:28.713544] [ausf] [ausf_app] [info ] ServingNetworkName 5G:mnc095.mcc208.3gppnetwork.org
[2023-01-18T13:49:28.713546] [ausf] [ausf_app] [info ] supiOrSuci 208950000000031
[2023-01-18T13:49:28.713551] [ausf] [ausf_app] [info ] Received authInfo from AMF without ResynchronizationInfo IE
[2023-01-18T13:49:28.713555] [ausf] [ausf_app] [info ] Send HTTP message with body {"ausfInstanceId":"400346f4-087e-40b1-a4cd-00566953999d","servingNetworkName":"5G:mnc095.mcc208.3gppnetwork.org"}
[2023-01-18T13:49:28.723506] [ausf] [ausf_app] [info ] Get response with HTTP code (200)
[2023-01-18T13:49:28.723551] [ausf] [ausf_app] [info ] Response from UDM: {"authType":"5G_AKA","authenticationVector":{"autn":"039db8bdc0498000d52c97d5d8ce1bbe","avType":"5G_HE_AKA","kausf":"337c7ebf09aef8de268db6c33d38bcf8273fa9920b050c7905d42dfe23ef2ac6","rand":"f8d70f481eb8bb71700d2ed065ee2bce","xresStar":"dff8f9655f6fb3ae4d86a512252d5c7b"}}
derive_kseaf Kausf
33 7c 7e bf 9 ae f8 de 26 8d b6 c3 3d 38 bc f8 27 3f a9 92 b 5 c 79 5 d4 2d fe 23 ef 2a c6 
derive_kseaf Kseaf
d2 4b 53 39 53 57 e7 83 c8 cc 86 c9 f9 8b 7f a4 4a 88 2e 41 63 79 f6 2d 71 e2 17 54 db f 4a 23 
[2023-01-18T13:49:28.724284] [ausf] [ausf_server] [info ] Send Auth response to SEAF (Code 201)
[2023-01-18T13:49:28.725920] [ausf] [ausf_server] [info ] Received 5g_aka_confirmation Request
[2023-01-18T13:49:28.725928] [ausf] [ausf_server] [info ] 5gaka confirmation received with authctxID 039db8bdc0498000d52c97d5d8ce1bbe
[2023-01-18T13:49:28.725939] [ausf] [ausf_app] [info ] Received authCtxId 039db8bdc0498000d52c97d5d8ce1bbe
[2023-01-18T13:49:28.725941] [ausf] [ausf_app] [info ] Received res* DFF8F9655F6FB3AE4D86A512252D5C7B
[2023-01-18T13:49:28.725949] [ausf] [ausf_app] [info ] AV is up to date, handling received res*...
[2023-01-18T13:49:28.725953] [ausf] [ausf_app] [info ] Authentication successful by home network!
[2023-01-18T13:49:28.726096] [ausf] [ausf_app] [info ] Send HTTP message with body {"authRemovalInd":false,"authType":"5G_AKA","nfInstanceId":"400346f4-087e-40b1-a4cd-00566953999d","servingNetworkName":"5G:mnc095.mcc208.3gppnetwork.org","success":true,"timeStamp":"2023-01-18T12:49:28Z"}
[2023-01-18T13:49:28.731341] [ausf] [ausf_app] [info ] Get response with HTTP code (201)
[2023-01-18T13:49:28.731381] [ausf] [ausf_server] [info ] Send 5g-aka-confirmation response to SEAF (Code 200)
[2023-01-18T13:49:30.514988] [ausf] [ausf_nrf] [info ] Sending NF heartbeat request
[2023-01-18T13:49:30.515017] [ausf] [ausf_app] [info ] Send HTTP message with body [{"op":"replace","path":"/nfStatus","value":"REGISTERED"}]
[2023-01-18T13:49:30.515457] [ausf] [ausf_app] [info ] Get response with HTTP code (204)
[2023-01-18T13:49:40.522990] [ausf] [ausf_nrf] [info ] Sending NF heartbeat request
[2023-01-18T13:49:40.523024] [ausf] [ausf_app] [info ] Send HTTP message with body [{"op":"replace","path":"/nfStatus","value":"REGISTERED"}]
[2023-01-18T13:49:40.523579] [ausf] [ausf_app] [info ] Get response with HTTP code (204)
[2023-01-18T13:49:50.532988] [ausf] [ausf_nrf] [info ] Sending NF heartbeat request
[2023-01-18T13:49:50.533017] [ausf] [ausf_app] [info ] Send HTTP message with body [{"op":"replace","path":"/nfStatus","value":"REGISTERED"}]
[2023-01-18T13:49:50.533472] [ausf] [ausf_app] [info ] Get response with HTTP code (204)
[2023-01-18T13:50:00.543996] [ausf] [ausf_nrf] [info ] Sending NF heartbeat request
[2023-01-18T13:50:00.544049] [ausf] [ausf_app] [info ] Send HTTP message with body [{"op":"replace","path":"/nfStatus","value":"REGISTERED"}]
[2023-01-18T13:50:00.544923] [ausf] [ausf_app] [info ] Get response with HTTP code (204)
[2023-01-18T13:50:08.623634] [ausf] [ausf_server] [info ] Received ue_authentications_post Request
[2023-01-18T13:50:08.623692] [ausf] [ausf_app] [info ] Handle UE Authentication Request
[2023-01-18T13:50:08.623702] [ausf] [ausf_app] [info ] ServingNetworkName 5G:mnc095.mcc208.3gppnetwork.org
[2023-01-18T13:50:08.623704] [ausf] [ausf_app] [info ] supiOrSuci 208950000000032
[2023-01-18T13:50:08.623715] [ausf] [ausf_app] [info ] Received authInfo from AMF without ResynchronizationInfo IE
[2023-01-18T13:50:08.623726] [ausf] [ausf_app] [info ] Send HTTP message with body {"ausfInstanceId":"400346f4-087e-40b1-a4cd-00566953999d","servingNetworkName":"5G:mnc095.mcc208.3gppnetwork.org"}
[2023-01-18T13:50:08.635779] [ausf] [ausf_app] [info ] Get response with HTTP code (200)
[2023-01-18T13:50:08.635855] [ausf] [ausf_app] [info ] Response from UDM: {"authType":"5G_AKA","authenticationVector":{"autn":"357dfb6f574b80005aef55bdc203cc82","avType":"5G_HE_AKA","kausf":"91b64de2ffc7467cac5c3bb41ee62bf5880266a72a65ceb6af2fa2d3eed6d0ca","rand":"1c047dbd9b757b6d679512c0e675b275","xresStar":"695328ca076e02afba5046ddecc7e861"}}
derive_kseaf Kausf
91 b6 4d e2 ff c7 46 7c ac 5c 3b b4 1e e6 2b f5 88 2 66 a7 2a 65 ce b6 af 2f a2 d3 ee d6 d0 ca 
derive_kseaf Kseaf
67 1a 52 7d c3 27 ca 29 3 35 ac b0 3c fb 4d d a4 59 9 76 5b 44 5e 2c f7 e7 88 91 e2 ff 9b f4 
[2023-01-18T13:50:08.636038] [ausf] [ausf_server] [info ] Send Auth response to SEAF (Code 201)
[2023-01-18T13:50:08.643730] [ausf] [ausf_server] [info ] Received 5g_aka_confirmation Request
[2023-01-18T13:50:08.643783] [ausf] [ausf_server] [info ] 5gaka confirmation received with authctxID 357dfb6f574b80005aef55bdc203cc82
[2023-01-18T13:50:08.643836] [ausf] [ausf_app] [info ] Received authCtxId 357dfb6f574b80005aef55bdc203cc82
[2023-01-18T13:50:08.643851] [ausf] [ausf_app] [info ] Received res* 695328CA076E02AFBA5046DDECC7E861
[2023-01-18T13:50:08.643885] [ausf] [ausf_app] [info ] AV is up to date, handling received res*...
[2023-01-18T13:50:08.643895] [ausf] [ausf_app] [info ] Authentication successful by home network!
[2023-01-18T13:50:08.643939] [ausf] [ausf_app] [info ] Send HTTP message with body {"authRemovalInd":false,"authType":"5G_AKA","nfInstanceId":"400346f4-087e-40b1-a4cd-00566953999d","servingNetworkName":"5G:mnc095.mcc208.3gppnetwork.org","success":true,"timeStamp":"2023-01-18T12:50:08Z"}
[2023-01-18T13:50:08.662738] [ausf] [ausf_app] [info ] Get response with HTTP code (201)
[2023-01-18T13:50:08.662827] [ausf] [ausf_server] [info ] Send 5g-aka-confirmation response to SEAF (Code 200)
[2023-01-18T13:50:10.573989] [ausf] [ausf_nrf] [info ] Sending NF heartbeat request
[2023-01-18T13:50:10.574024] [ausf] [ausf_app] [info ] Send HTTP message with body [{"op":"replace","path":"/nfStatus","value":"REGISTERED"}]
[2023-01-18T13:50:10.574537] [ausf] [ausf_app] [info ] Get response with HTTP code (204)
[2023-01-18T13:50:20.593988] [ausf] [ausf_nrf] [info ] Sending NF heartbeat request
[2023-01-18T13:50:20.594018] [ausf] [ausf_app] [info ] Send HTTP message with body [{"op":"replace","path":"/nfStatus","value":"REGISTERED"}]
[2023-01-18T13:50:20.594482] [ausf] [ausf_app] [info ] Get response with HTTP code (204)
[2023-01-18T13:50:30.594988] [ausf] [ausf_nrf] [info ] Sending NF heartbeat request
[2023-01-18T13:50:30.595018] [ausf] [ausf_app] [info ] Send HTTP message with body [{"op":"replace","path":"/nfStatus","value":"REGISTERED"}]
[2023-01-18T13:50:30.595551] [ausf] [ausf_app] [info ] Get response with HTTP code (204)
[2023-01-18T13:50:40.595987] [ausf] [ausf_nrf] [info ] Sending NF heartbeat request
[2023-01-18T13:50:40.596017] [ausf] [ausf_app] [info ] Send HTTP message with body [{"op":"replace","path":"/nfStatus","value":"REGISTERED"}]
[2023-01-18T13:50:40.596475] [ausf] [ausf_app] [info ] Get response with HTTP code (204)
[2023-01-18T13:50:50.601993] [ausf] [ausf_nrf] [info ] Sending NF heartbeat request
[2023-01-18T13:50:50.602030] [ausf] [ausf_app] [info ] Send HTTP message with body [{"op":"replace","path":"/nfStatus","value":"REGISTERED"}]
[2023-01-18T13:50:50.602557] [ausf] [ausf_app] [info ] Get response with HTTP code (204)
[2023-01-18T13:51:00.607011] [ausf] [ausf_nrf] [info ] Sending NF heartbeat request
[2023-01-18T13:51:00.607096] [ausf] [ausf_app] [info ] Send HTTP message with body [{"op":"replace","path":"/nfStatus","value":"REGISTERED"}]
[2023-01-18T13:51:00.608261] [ausf] [ausf_app] [info ] Get response with HTTP code (204)
[2023-01-18T13:51:01.356200] [ausf] [ausf_server] [info ] Received ue_authentications_post Request
[2023-01-18T13:51:01.356226] [ausf] [ausf_app] [info ] Handle UE Authentication Request
[2023-01-18T13:51:01.356230] [ausf] [ausf_app] [info ] ServingNetworkName 5G:mnc095.mcc208.3gppnetwork.org
[2023-01-18T13:51:01.356231] [ausf] [ausf_app] [info ] supiOrSuci 208950000000033
[2023-01-18T13:51:01.356238] [ausf] [ausf_app] [info ] Received authInfo from AMF without ResynchronizationInfo IE
[2023-01-18T13:51:01.356242] [ausf] [ausf_app] [info ] Send HTTP message with body {"ausfInstanceId":"400346f4-087e-40b1-a4cd-00566953999d","servingNetworkName":"5G:mnc095.mcc208.3gppnetwork.org"}
[2023-01-18T13:51:01.360443] [ausf] [ausf_app] [info ] Get response with HTTP code (200)
[2023-01-18T13:51:01.360466] [ausf] [ausf_app] [info ] Response from UDM: {"authType":"5G_AKA","authenticationVector":{"autn":"d3c3eb593e9e8000276bbcee3dfc0687","avType":"5G_HE_AKA","kausf":"44127ffab2f7ed6ec27652b5e94164025d748c265329d39fbbab9baa69d5d2aa","rand":"1d4cea1ad7921afec92d7cc4945a198b","xresStar":"1234ec54cf2eeb0d15f3ef51f976cacf"}}
derive_kseaf Kausf
44 12 7f fa b2 f7 ed 6e c2 76 52 b5 e9 41 64 2 5d 74 8c 26 53 29 d3 9f bb ab 9b aa 69 d5 d2 aa 
derive_kseaf Kseaf
6 93 98 c8 20 2e 56 2a 8 4c d9 75 22 8 26 8a a6 de 3e ae ec 26 68 7b fd 31 ed 21 26 d3 a7 3a 
[2023-01-18T13:51:01.360558] [ausf] [ausf_server] [info ] Send Auth response to SEAF (Code 201)
[2023-01-18T13:51:01.361820] [ausf] [ausf_server] [info ] Received 5g_aka_confirmation Request
[2023-01-18T13:51:01.361826] [ausf] [ausf_server] [info ] 5gaka confirmation received with authctxID d3c3eb593e9e8000276bbcee3dfc0687
[2023-01-18T13:51:01.361835] [ausf] [ausf_app] [info ] Received authCtxId d3c3eb593e9e8000276bbcee3dfc0687
[2023-01-18T13:51:01.361839] [ausf] [ausf_app] [info ] Received res* 1234EC54CF2EEB0D15F3EF51F976CACF
[2023-01-18T13:51:01.361848] [ausf] [ausf_app] [info ] AV is up to date, handling received res*...
[2023-01-18T13:51:01.361856] [ausf] [ausf_app] [info ] Authentication successful by home network!
[2023-01-18T13:51:01.361880] [ausf] [ausf_app] [info ] Send HTTP message with body {"authRemovalInd":false,"authType":"5G_AKA","nfInstanceId":"400346f4-087e-40b1-a4cd-00566953999d","servingNetworkName":"5G:mnc095.mcc208.3gppnetwork.org","success":true,"timeStamp":"2023-01-18T12:51:01Z"}
[2023-01-18T13:51:01.364188] [ausf] [ausf_app] [info ] Get response with HTTP code (201)
[2023-01-18T13:51:01.364211] [ausf] [ausf_server] [info ] Send 5g-aka-confirmation response to SEAF (Code 200)
[2023-01-18T13:51:10.617005] [ausf] [ausf_nrf] [info ] Sending NF heartbeat request
[2023-01-18T13:51:10.617037] [ausf] [ausf_app] [info ] Send HTTP message with body [{"op":"replace","path":"/nfStatus","value":"REGISTERED"}]
[2023-01-18T13:51:10.617517] [ausf] [ausf_app] [info ] Get response with HTTP code (204)
[2023-01-18T13:51:20.623988] [ausf] [ausf_nrf] [info ] Sending NF heartbeat request
[2023-01-18T13:51:20.624018] [ausf] [ausf_app] [info ] Send HTTP message with body [{"op":"replace","path":"/nfStatus","value":"REGISTERED"}]
[2023-01-18T13:51:20.624488] [ausf] [ausf_app] [info ] Get response with HTTP code (204)
[2023-01-18T13:51:30.631990] [ausf] [ausf_nrf] [info ] Sending NF heartbeat request
[2023-01-18T13:51:30.632022] [ausf] [ausf_app] [info ] Send HTTP message with body [{"op":"replace","path":"/nfStatus","value":"REGISTERED"}]
[2023-01-18T13:51:30.632512] [ausf] [ausf_app] [info ] Get response with HTTP code (204)
[2023-01-18T13:51:40.644990] [ausf] [ausf_nrf] [info ] Sending NF heartbeat request
[2023-01-18T13:51:40.645026] [ausf] [ausf_app] [info ] Send HTTP message with body [{"op":"replace","path":"/nfStatus","value":"REGISTERED"}]
[2023-01-18T13:51:40.645503] [ausf] [ausf_app] [info ] Get response with HTTP code (204)
[2023-01-18T13:51:50.648988] [ausf] [ausf_nrf] [info ] Sending NF heartbeat request
[2023-01-18T13:51:50.649017] [ausf] [ausf_app] [info ] Send HTTP message with body [{"op":"replace","path":"/nfStatus","value":"REGISTERED"}]
[2023-01-18T13:51:50.649530] [ausf] [ausf_app] [info ] Get response with HTTP code (204)
[2023-01-18T13:52:00.649987] [ausf] [ausf_nrf] [info ] Sending NF heartbeat request
[2023-01-18T13:52:00.650018] [ausf] [ausf_app] [info ] Send HTTP message with body [{"op":"replace","path":"/nfStatus","value":"REGISTERED"}]
[2023-01-18T13:52:00.650515] [ausf] [ausf_app] [info ] Get response with HTTP code (204)
[2023-01-18T13:52:10.649990] [ausf] [ausf_nrf] [info ] Sending NF heartbeat request
[2023-01-18T13:52:10.650021] [ausf] [ausf_app] [info ] Send HTTP message with body [{"op":"replace","path":"/nfStatus","value":"REGISTERED"}]
[2023-01-18T13:52:10.650533] [ausf] [ausf_app] [info ] Get response with HTTP code (204)
[2023-01-18T13:52:20.649988] [ausf] [ausf_nrf] [info ] Sending NF heartbeat request
[2023-01-18T13:52:20.650030] [ausf] [ausf_app] [info ] Send HTTP message with body [{"op":"replace","path":"/nfStatus","value":"REGISTERED"}]
[2023-01-18T13:52:20.650559] [ausf] [ausf_app] [info ] Get response with HTTP code (204)
[2023-01-18T13:52:30.651988] [ausf] [ausf_nrf] [info ] Sending NF heartbeat request
[2023-01-18T13:52:30.652026] [ausf] [ausf_app] [info ] Send HTTP message with body [{"op":"replace","path":"/nfStatus","value":"REGISTERED"}]
[2023-01-18T13:52:30.652526] [ausf] [ausf_app] [info ] Get response with HTTP code (204)
[2023-01-18T13:52:40.652988] [ausf] [ausf_nrf] [info ] Sending NF heartbeat request
[2023-01-18T13:52:40.653020] [ausf] [ausf_app] [info ] Send HTTP message with body [{"op":"replace","path":"/nfStatus","value":"REGISTERED"}]
[2023-01-18T13:52:40.653524] [ausf] [ausf_app] [info ] Get response with HTTP code (204)
[2023-01-18T13:52:50.652988] [ausf] [ausf_nrf] [info ] Sending NF heartbeat request
[2023-01-18T13:52:50.653020] [ausf] [ausf_app] [info ] Send HTTP message with body [{"op":"replace","path":"/nfStatus","value":"REGISTERED"}]
[2023-01-18T13:52:50.653502] [ausf] [ausf_app] [info ] Get response with HTTP code (204)
[2023-01-18T13:53:00.653988] [ausf] [ausf_nrf] [info ] Sending NF heartbeat request
[2023-01-18T13:53:00.654017] [ausf] [ausf_app] [info ] Send HTTP message with body [{"op":"replace","path":"/nfStatus","value":"REGISTERED"}]
[2023-01-18T13:53:00.654655] [ausf] [ausf_app] [info ] Get response with HTTP code (204)
[2023-01-18T13:53:10.683009] [ausf] [ausf_nrf] [info ] Sending NF heartbeat request
[2023-01-18T13:53:10.683075] [ausf] [ausf_app] [info ] Send HTTP message with body [{"op":"replace","path":"/nfStatus","value":"REGISTERED"}]
[2023-01-18T13:53:10.684127] [ausf] [ausf_app] [info ] Get response with HTTP code (204)
[2023-01-18T13:53:20.682988] [ausf] [ausf_nrf] [info ] Sending NF heartbeat request
[2023-01-18T13:53:20.683021] [ausf] [ausf_app] [info ] Send HTTP message with body [{"op":"replace","path":"/nfStatus","value":"REGISTERED"}]
[2023-01-18T13:53:20.683538] [ausf] [ausf_app] [info ] Get response with HTTP code (204)
[2023-01-18T13:53:30.693989] [ausf] [ausf_nrf] [info ] Sending NF heartbeat request
[2023-01-18T13:53:30.694020] [ausf] [ausf_app] [info ] Send HTTP message with body [{"op":"replace","path":"/nfStatus","value":"REGISTERED"}]
[2023-01-18T13:53:30.694535] [ausf] [ausf_app] [info ] Get response with HTTP code (204)
[2023-01-18T13:53:40.696993] [ausf] [ausf_nrf] [info ] Sending NF heartbeat request
[2023-01-18T13:53:40.697026] [ausf] [ausf_app] [info ] Send HTTP message with body [{"op":"replace","path":"/nfStatus","value":"REGISTERED"}]
[2023-01-18T13:53:40.697541] [ausf] [ausf_app] [info ] Get response with HTTP code (204)
[2023-01-18T13:53:50.712990] [ausf] [ausf_nrf] [info ] Sending NF heartbeat request
[2023-01-18T13:53:50.713022] [ausf] [ausf_app] [info ] Send HTTP message with body [{"op":"replace","path":"/nfStatus","value":"REGISTERED"}]
[2023-01-18T13:53:50.713542] [ausf] [ausf_app] [info ] Get response with HTTP code (204)
[2023-01-18T13:54:00.718987] [ausf] [ausf_nrf] [info ] Sending NF heartbeat request
[2023-01-18T13:54:00.719019] [ausf] [ausf_app] [info ] Send HTTP message with body [{"op":"replace","path":"/nfStatus","value":"REGISTERED"}]
[2023-01-18T13:54:00.719568] [ausf] [ausf_app] [info ] Get response with HTTP code (204)
[2023-01-18T13:54:10.721990] [ausf] [ausf_nrf] [info ] Sending NF heartbeat request
[2023-01-18T13:54:10.722020] [ausf] [ausf_app] [info ] Send HTTP message with body [{"op":"replace","path":"/nfStatus","value":"REGISTERED"}]
[2023-01-18T13:54:10.722504] [ausf] [ausf_app] [info ] Get response with HTTP code (204)
[2023-01-18T13:54:20.722987] [ausf] [ausf_nrf] [info ] Sending NF heartbeat request
[2023-01-18T13:54:20.723017] [ausf] [ausf_app] [info ] Send HTTP message with body [{"op":"replace","path":"/nfStatus","value":"REGISTERED"}]
[2023-01-18T13:54:20.723510] [ausf] [ausf_app] [info ] Get response with HTTP code (204)
[2023-01-18T13:54:30.726988] [ausf] [ausf_nrf] [info ] Sending NF heartbeat request
[2023-01-18T13:54:30.727018] [ausf] [ausf_app] [info ] Send HTTP message with body [{"op":"replace","path":"/nfStatus","value":"REGISTERED"}]
[2023-01-18T13:54:30.727522] [ausf] [ausf_app] [info ] Get response with HTTP code (204)
[2023-01-18T13:54:40.735006] [ausf] [ausf_nrf] [info ] Sending NF heartbeat request
[2023-01-18T13:54:40.735040] [ausf] [ausf_app] [info ] Send HTTP message with body [{"op":"replace","path":"/nfStatus","value":"REGISTERED"}]
[2023-01-18T13:54:40.735559] [ausf] [ausf_app] [info ] Get response with HTTP code (204)
[2023-01-18T13:54:50.745996] [ausf] [ausf_nrf] [info ] Sending NF heartbeat request
[2023-01-18T13:54:50.746030] [ausf] [ausf_app] [info ] Send HTTP message with body [{"op":"replace","path":"/nfStatus","value":"REGISTERED"}]
[2023-01-18T13:54:50.746594] [ausf] [ausf_app] [info ] Get response with HTTP code (204)
[2023-01-18T13:55:00.749988] [ausf] [ausf_nrf] [info ] Sending NF heartbeat request
[2023-01-18T13:55:00.750015] [ausf] [ausf_app] [info ] Send HTTP message with body [{"op":"replace","path":"/nfStatus","value":"REGISTERED"}]
[2023-01-18T13:55:00.750487] [ausf] [ausf_app] [info ] Get response with HTTP code (204)
[2023-01-18T13:55:10.764006] [ausf] [ausf_nrf] [info ] Sending NF heartbeat request
[2023-01-18T13:55:10.764054] [ausf] [ausf_app] [info ] Send HTTP message with body [{"op":"replace","path":"/nfStatus","value":"REGISTERED"}]
[2023-01-18T13:55:10.764659] [ausf] [ausf_app] [info ] Get response with HTTP code (204)
[2023-01-18T13:55:20.763989] [ausf] [ausf_nrf] [info ] Sending NF heartbeat request
[2023-01-18T13:55:20.764022] [ausf] [ausf_app] [info ] Send HTTP message with body [{"op":"replace","path":"/nfStatus","value":"REGISTERED"}]
[2023-01-18T13:55:20.764532] [ausf] [ausf_app] [info ] Get response with HTTP code (204)
[2023-01-18T13:55:30.763989] [ausf] [ausf_nrf] [info ] Sending NF heartbeat request
[2023-01-18T13:55:30.764022] [ausf] [ausf_app] [info ] Send HTTP message with body [{"op":"replace","path":"/nfStatus","value":"REGISTERED"}]
[2023-01-18T13:55:30.764546] [ausf] [ausf_app] [info ] Get response with HTTP code (204)
[2023-01-18T13:55:40.764988] [ausf] [ausf_nrf] [info ] Sending NF heartbeat request
[2023-01-18T13:55:40.765019] [ausf] [ausf_app] [info ] Send HTTP message with body [{"op":"replace","path":"/nfStatus","value":"REGISTERED"}]
[2023-01-18T13:55:40.765532] [ausf] [ausf_app] [info ] Get response with HTTP code (204)
[2023-01-18T13:55:50.764990] [ausf] [ausf_nrf] [info ] Sending NF heartbeat request
[2023-01-18T13:55:50.765021] [ausf] [ausf_app] [info ] Send HTTP message with body [{"op":"replace","path":"/nfStatus","value":"REGISTERED"}]
[2023-01-18T13:55:50.765552] [ausf] [ausf_app] [info ] Get response with HTTP code (204)
[2023-01-18T13:56:00.773988] [ausf] [ausf_nrf] [info ] Sending NF heartbeat request
[2023-01-18T13:56:00.774019] [ausf] [ausf_app] [info ] Send HTTP message with body [{"op":"replace","path":"/nfStatus","value":"REGISTERED"}]
[2023-01-18T13:56:00.774496] [ausf] [ausf_app] [info ] Get response with HTTP code (204)
[2023-01-18T13:56:10.773988] [ausf] [ausf_nrf] [info ] Sending NF heartbeat request
[2023-01-18T13:56:10.774019] [ausf] [ausf_app] [info ] Send HTTP message with body [{"op":"replace","path":"/nfStatus","value":"REGISTERED"}]
[2023-01-18T13:56:10.774538] [ausf] [ausf_app] [info ] Get response with HTTP code (204)
[2023-01-18T13:56:20.774988] [ausf] [ausf_nrf] [info ] Sending NF heartbeat request
[2023-01-18T13:56:20.775019] [ausf] [ausf_app] [info ] Send HTTP message with body [{"op":"replace","path":"/nfStatus","value":"REGISTERED"}]
[2023-01-18T13:56:20.775548] [ausf] [ausf_app] [info ] Get response with HTTP code (204)
[2023-01-18T13:56:30.775005] [ausf] [ausf_nrf] [info ] Sending NF heartbeat request
[2023-01-18T13:56:30.775041] [ausf] [ausf_app] [info ] Send HTTP message with body [{"op":"replace","path":"/nfStatus","value":"REGISTERED"}]
[2023-01-18T13:56:30.775586] [ausf] [ausf_app] [info ] Get response with HTTP code (204)
Caught signal 15
[2023-01-18T13:56:39.998730] [ausf] [system] [start] exiting
Freeing Allocated memory...
AUSF API Server memory done
AUSF APP memory done
Freeing allocated memory done
